2026-06-23 11:21:23 [main] INFO  com.trung.coinpricetracker.CoinPriceTrackerApplication - Starting CoinPriceTrackerApplication using Java 17.0.12 with PID 15200 (D:\coin-price-tracker\coin-price-tracker\target\classes started by admin in D:\coin-price-tracker)
2026-06-23 11:21:23 [main] INFO  com.trung.coinpricetracker.CoinPriceTrackerApplication - No active profile set, falling back to 1 default profile: "default"
2026-06-23 11:21:23 [main] INFO  org.springframework.boot.web.embedded.tomcat.TomcatWebServer - Tomcat initialized with port 8080 (http)
2026-06-23 11:21:23 [main] INFO  org.apache.coyote.http11.Http11NioProtocol - Initializing ProtocolHandler ["http-nio-8080"]
2026-06-23 11:21:23 [main] INFO  org.apache.catalina.core.StandardService - Starting service [Tomcat]
2026-06-23 11:21:23 [main] INFO  org.apache.catalina.core.StandardEngine - Starting Servlet engine: [Apache Tomcat/10.1.55]
2026-06-23 11:21:23 [main] INFO  org.apache.catalina.core.ContainerBase.[Tomcat].[localhost].[/] - Initializing Spring embedded WebApplicationContext
2026-06-23 11:21:23 [main] INFO  org.springframework.boot.web.servlet.context.ServletWebServerApplicationContext - Root WebApplicationContext: initialization completed in 641 ms
2026-06-23 11:21:24 [main] INFO  org.apache.coyote.http11.Http11NioProtocol - Starting ProtocolHandler ["http-nio-8080"]
2026-06-23 11:21:24 [main] INFO  org.springframework.boot.web.embedded.tomcat.TomcatWebServer - Tomcat started on port 8080 (http) with context path '/'
2026-06-23 11:21:24 [main] INFO  com.trung.coinpricetracker.CoinPriceTrackerApplication - Started CoinPriceTrackerApplication in 1.341 seconds (process running for 1.927)
2026-06-23 11:21:31 [SpringApplicationShutdownHook] INFO  org.springframework.boot.web.embedded.tomcat.GracefulShutdown - Commencing graceful shutdown. Waiting for active requests to complete
2026-06-23 11:21:32 [tomcat-shutdown] INFO  org.springframework.boot.web.embedded.tomcat.GracefulShutdown - Graceful shutdown complete
2026-06-23 11:28:18 [main] INFO  com.trung.coinpricetracker.CoinPriceTrackerApplication - Starting CoinPriceTrackerApplication using Java 17.0.12 with PID 8320 (D:\coin-price-tracker\coin-price-tracker\target\classes started by admin in D:\coin-price-tracker)
2026-06-23 11:28:18 [main] INFO  com.trung.coinpricetracker.CoinPriceTrackerApplication - No active profile set, falling back to 1 default profile: "default"
2026-06-23 11:28:19 [main] INFO  org.springframework.boot.web.embedded.tomcat.TomcatWebServer - Tomcat initialized with port 8080 (http)
2026-06-23 11:28:19 [main] INFO  org.apache.coyote.http11.Http11NioProtocol - Initializing ProtocolHandler ["http-nio-8080"]
2026-06-23 11:28:19 [main] INFO  org.apache.catalina.core.StandardService - Starting service [Tomcat]
2026-06-23 11:28:19 [main] INFO  org.apache.catalina.core.StandardEngine - Starting Servlet engine: [Apache Tomcat/10.1.55]
2026-06-23 11:28:19 [main] INFO  org.apache.catalina.core.ContainerBase.[Tomcat].[localhost].[/] - Initializing Spring embedded WebApplicationContext
2026-06-23 11:28:19 [main] INFO  org.springframework.boot.web.servlet.context.ServletWebServerApplicationContext - Root WebApplicationContext: initialization completed in 652 ms
2026-06-23 11:28:19 [main] INFO  org.apache.coyote.http11.Http11NioProtocol - Starting ProtocolHandler ["http-nio-8080"]
2026-06-23 11:28:19 [main] INFO  org.springframework.boot.web.embedded.tomcat.TomcatWebServer - Tomcat started on port 8080 (http) with context path '/'
2026-06-23 11:28:19 [main] INFO  com.trung.coinpricetracker.CoinPriceTrackerApplication - Started CoinPriceTrackerApplication in 1.349 seconds (process running for 1.916)
2026-06-23 11:28:19 [main] INFO  com.trung.coinpricetracker.CoinPriceTrackerApplication - Bắt đầu khởi động các luồng theo dõi coin...
2026-06-23 11:28:20 [task-1] INFO  com.trung.coinpricetracker.BinanceService - Giá BTCUSDT không đổi: 63973.37
2026-06-23 11:28:20 [task-2] INFO  com.trung.coinpricetracker.BinanceService - Giá ETHUSDT không đổi: 1727.84
2026-06-23 11:28:20 [task-3] INFO  com.trung.coinpricetracker.BinanceService - Giá BNBUSDT không đổi: 590.26
2026-06-23 11:28:23 [task-2] INFO  com.trung.coinpricetracker.BinanceService - Giá ETHUSDT không đổi: 1727.84
2026-06-23 11:28:23 [task-3] WARN  com.trung.coinpricetracker.BinanceService - 🚨 PHÁT HIỆN BIẾN ĐỘNG GIÁ: BNBUSDT từ 590.26 -> 590.31
2026-06-23 11:28:23 [task-1] WARN  com.trung.coinpricetracker.BinanceService - 🚨 PHÁT HIỆN BIẾN ĐỘNG GIÁ: BTCUSDT từ 63973.37 -> 63973.36
2026-06-23 11:28:24 [task-3] INFO  com.trung.coinpricetracker.BinanceService - [TELEGRAM] Đã gửi thông báo thành công cho BNBUSDT
2026-06-23 11:28:24 [task-1] INFO  com.trung.coinpricetracker.BinanceService - [TELEGRAM] Đã gửi thông báo thành công cho BTCUSDT
2026-06-23 11:28:26 [task-2] INFO  com.trung.coinpricetracker.BinanceService - Giá ETHUSDT không đổi: 1727.84
2026-06-23 11:28:27 [task-3] WARN  com.trung.coinpricetracker.BinanceService - 🚨 PHÁT HIỆN BIẾN ĐỘNG GIÁ: BNBUSDT từ 590.31 -> 590.28
2026-06-23 11:28:27 [task-1] INFO  com.trung.coinpricetracker.BinanceService - Giá BTCUSDT không đổi: 63973.36
2026-06-23 11:28:28 [task-3] INFO  com.trung.coinpricetracker.BinanceService - [TELEGRAM] Đã gửi thông báo thành công cho BNBUSDT
2026-06-23 11:28:29 [task-2] INFO  com.trung.coinpricetracker.BinanceService - Giá ETHUSDT không đổi: 1727.84
2026-06-23 11:28:30 [task-1] WARN  com.trung.coinpricetracker.BinanceService - 🚨 PHÁT HIỆN BIẾN ĐỘNG GIÁ: BTCUSDT từ 63973.36 -> 63968.48
2026-06-23 11:28:31 [task-3] WARN  com.trung.coinpricetracker.BinanceService - 🚨 PHÁT HIỆN BIẾN ĐỘNG GIÁ: BNBUSDT từ 590.28 -> 590.25
2026-06-23 11:28:31 [task-1] INFO  com.trung.coinpricetracker.BinanceService - [TELEGRAM] Đã gửi thông báo thành công cho BTCUSDT
2026-06-23 11:28:31 [SpringApplicationShutdownHook] INFO  org.springframework.boot.web.embedded.tomcat.GracefulShutdown - Commencing graceful shutdown. Waiting for active requests to complete
2026-06-23 11:28:31 [tomcat-shutdown] INFO  org.springframework.boot.web.embedded.tomcat.GracefulShutdown - Graceful shutdown complete
2026-06-23 11:34:04 [main] INFO  com.trung.coinpricetracker.CoinPriceTrackerApplication - Starting CoinPriceTrackerApplication using Java 17.0.12 with PID 32 (D:\coin-price-tracker\coin-price-tracker\target\classes started by admin in D:\coin-price-tracker)
2026-06-23 11:34:04 [main] INFO  com.trung.coinpricetracker.CoinPriceTrackerApplication - No active profile set, falling back to 1 default profile: "default"
2026-06-23 11:34:04 [main] INFO  org.apache.coyote.http11.Http11NioProtocol - Initializing ProtocolHandler ["http-nio-8080"]
2026-06-23 11:34:04 [main] INFO  org.apache.catalina.core.StandardService - Starting service [Tomcat]
2026-06-23 11:34:04 [main] INFO  org.apache.catalina.core.StandardEngine - Starting Servlet engine: [Apache Tomcat/10.1.55]
2026-06-23 11:34:04 [main] INFO  org.apache.catalina.core.ContainerBase.[Tomcat].[localhost].[/] - Initializing Spring embedded WebApplicationContext
2026-06-23 11:34:05 [main] INFO  org.apache.coyote.http11.Http11NioProtocol - Starting ProtocolHandler ["http-nio-8080"]
2026-06-23 11:34:05 [main] INFO  com.trung.coinpricetracker.CoinPriceTrackerApplication - Started CoinPriceTrackerApplication in 1.464 seconds (process running for 2.045)
2026-06-23 11:34:05 [main] INFO  com.trung.coinpricetracker.CoinPriceTrackerApplication - Bắt đầu khởi động các luồng theo dõi coin...
2026-06-23 11:34:05 [task-2] INFO  com.trung.coinpricetracker.BinanceService - Giá ETHUSDT không đổi: 1725.34
2026-06-23 11:34:05 [task-1] INFO  com.trung.coinpricetracker.BinanceService - Giá BTCUSDT không đổi: 63920.0
2026-06-23 11:34:05 [task-3] INFO  com.trung.coinpricetracker.BinanceService - Giá BNBUSDT không đổi: 589.83
2026-06-23 11:34:08 [task-2] WARN  com.trung.coinpricetracker.BinanceService - 🚨 PHÁT HIỆN BIẾN ĐỘNG GIÁ: ETHUSDT từ 1725.34 -> 1725.37
2026-06-23 11:34:08 [task-1] WARN  com.trung.coinpricetracker.BinanceService - 🚨 PHÁT HIỆN BIẾN ĐỘNG GIÁ: BTCUSDT từ 63920.0 -> 63914.3
2026-06-23 11:34:08 [task-3] INFO  com.trung.coinpricetracker.BinanceService - Giá BNBUSDT không đổi: 589.83
2026-06-23 11:34:09 [task-2] INFO  com.trung.coinpricetracker.BinanceService - [TELEGRAM] Đã gửi thông báo thành công cho ETHUSDT
2026-06-23 11:34:09 [task-1] INFO  com.trung.coinpricetracker.BinanceService - [TELEGRAM] Đã gửi thông báo thành công cho BTCUSDT
2026-06-23 11:34:11 [task-3] INFO  com.trung.coinpricetracker.BinanceService - Giá BNBUSDT không đổi: 589.83
2026-06-23 11:34:12 [task-2] WARN  com.trung.coinpricetracker.BinanceService - 🚨 PHÁT HIỆN BIẾN ĐỘNG GIÁ: ETHUSDT từ 1725.37 -> 1725.44
2026-06-23 11:34:13 [task-1] WARN  com.trung.coinpricetracker.BinanceService - 🚨 PHÁT HIỆN BIẾN ĐỘNG GIÁ: BTCUSDT từ 63914.3 -> 63914.31
2026-06-23 11:34:13 [task-2] INFO  com.trung.coinpricetracker.BinanceService - [TELEGRAM] Đã gửi thông báo thành công cho ETHUSDT
2026-06-23 11:34:13 [task-1] INFO  com.trung.coinpricetracker.BinanceService - [TELEGRAM] Đã gửi thông báo thành công cho BTCUSDT
2026-06-23 11:36:37 [main] INFO  com.trung.coinpricetracker.CoinPriceTrackerApplication - Starting CoinPriceTrackerApplication using Java 17.0.12 with PID 1432 (D:\coin-price-tracker\coin-price-tracker\target\classes started by admin in D:\coin-price-tracker)
2026-06-23 11:36:37 [main] INFO  com.trung.coinpricetracker.CoinPriceTrackerApplication - No active profile set, falling back to 1 default profile: "default"
2026-06-23 11:36:37 [main] INFO  org.apache.coyote.http11.Http11NioProtocol - Initializing ProtocolHandler ["http-nio-8080"]
2026-06-23 11:36:37 [main] INFO  org.apache.catalina.core.StandardService - Starting service [Tomcat]
2026-06-23 11:36:37 [main] INFO  org.apache.catalina.core.StandardEngine - Starting Servlet engine: [Apache Tomcat/10.1.55]
2026-06-23 11:36:37 [main] INFO  org.apache.catalina.core.ContainerBase.[Tomcat].[localhost].[/] - Initializing Spring embedded WebApplicationContext
2026-06-23 11:36:38 [main] INFO  org.apache.coyote.http11.Http11NioProtocol - Starting ProtocolHandler ["http-nio-8080"]
2026-06-23 11:36:38 [main] INFO  com.trung.coinpricetracker.CoinPriceTrackerApplication - Started CoinPriceTrackerApplication in 1.374 seconds (process running for 1.939)
2026-06-23 11:36:38 [main] INFO  com.trung.coinpricetracker.CoinPriceTrackerApplication - Bắt đầu khởi động các luồng theo dõi coin...
2026-06-23 12:05:02 [main] INFO  com.trung.coinpricetracker.CoinPriceTrackerApplication - Starting CoinPriceTrackerApplication using Java 17.0.12 with PID 2496 (D:\coin-price-tracker\coin-price-tracker\target\classes started by admin in D:\coin-price-tracker)
2026-06-23 12:05:02 [main] INFO  com.trung.coinpricetracker.CoinPriceTrackerApplication - No active profile set, falling back to 1 default profile: "default"
2026-06-23 12:05:02 [main] INFO  org.apache.coyote.http11.Http11NioProtocol - Initializing ProtocolHandler ["http-nio-8080"]
2026-06-23 12:05:02 [main] INFO  org.apache.catalina.core.StandardService - Starting service [Tomcat]
2026-06-23 12:05:02 [main] INFO  org.apache.catalina.core.StandardEngine - Starting Servlet engine: [Apache Tomcat/10.1.55]
2026-06-23 12:05:02 [main] INFO  org.apache.catalina.core.ContainerBase.[Tomcat].[localhost].[/] - Initializing Spring embedded WebApplicationContext
2026-06-23 12:05:03 [main] INFO  org.apache.coyote.http11.Http11NioProtocol - Starting ProtocolHandler ["http-nio-8080"]
2026-06-23 12:05:03 [main] INFO  com.trung.coinpricetracker.CoinPriceTrackerApplication - Started CoinPriceTrackerApplication in 1.439 seconds (process running for 1.998)
2026-06-23 12:05:03 [main] INFO  com.trung.coinpricetracker.CoinPriceTrackerApplication - Bắt đầu khởi động các luồng theo dõi coin...
2026-06-23 14:40:13 [main] INFO  com.trung.coinpricetracker.CoinPriceTrackerApplication - Starting CoinPriceTrackerApplication using Java 17.0.12 with PID 6988 (D:\coin-price-tracker\coin-price-tracker\target\classes started by admin in D:\coin-price-tracker)
2026-06-23 14:40:13 [main] INFO  com.trung.coinpricetracker.CoinPriceTrackerApplication - No active profile set, falling back to 1 default profile: "default"
2026-06-23 14:40:13 [main] INFO  org.apache.coyote.http11.Http11NioProtocol - Initializing ProtocolHandler ["http-nio-8080"]
2026-06-23 14:40:13 [main] INFO  org.apache.catalina.core.StandardService - Starting service [Tomcat]
2026-06-23 14:40:13 [main] INFO  org.apache.catalina.core.StandardEngine - Starting Servlet engine: [Apache Tomcat/10.1.55]
2026-06-23 14:40:13 [main] INFO  org.apache.catalina.core.ContainerBase.[Tomcat].[localhost].[/] - Initializing Spring embedded WebApplicationContext
2026-06-23 14:40:14 [main] INFO  org.apache.coyote.http11.Http11NioProtocol - Starting ProtocolHandler ["http-nio-8080"]
2026-06-23 14:40:14 [main] INFO  com.trung.coinpricetracker.CoinPriceTrackerApplication - Started CoinPriceTrackerApplication in 1.794 seconds (process running for 2.445)
2026-06-23 14:40:14 [main] INFO  com.trung.coinpricetracker.CoinPriceTrackerApplication - Bắt đầu khởi động các luồng theo dõi coin...
2026-06-23 14:43:28 [main] INFO  com.trung.coinpricetracker.CoinPriceTrackerApplication - Starting CoinPriceTrackerApplication using Java 17.0.12 with PID 6124 (D:\coin-price-tracker\coin-price-tracker\target\classes started by admin in D:\coin-price-tracker)
2026-06-23 14:43:28 [main] INFO  com.trung.coinpricetracker.CoinPriceTrackerApplication - No active profile set, falling back to 1 default profile: "default"
2026-06-23 14:43:29 [main] INFO  org.apache.coyote.http11.Http11NioProtocol - Initializing ProtocolHandler ["http-nio-8080"]
2026-06-23 14:43:29 [main] INFO  org.apache.catalina.core.StandardService - Starting service [Tomcat]
2026-06-23 14:43:29 [main] INFO  org.apache.catalina.core.StandardEngine - Starting Servlet engine: [Apache Tomcat/10.1.55]
2026-06-23 14:43:29 [main] INFO  org.apache.catalina.core.ContainerBase.[Tomcat].[localhost].[/] - Initializing Spring embedded WebApplicationContext
2026-06-23 14:43:30 [main] INFO  org.apache.coyote.http11.Http11NioProtocol - Starting ProtocolHandler ["http-nio-8080"]
2026-06-23 14:43:30 [main] INFO  com.trung.coinpricetracker.CoinPriceTrackerApplication - Started CoinPriceTrackerApplication in 1.554 seconds (process running for 2.234)
2026-06-23 14:43:30 [main] INFO  com.trung.coinpricetracker.CoinPriceTrackerApplication - Bắt đầu khởi động các luồng theo dõi coin...
