2026-06-23 11:36:38 [task-2] INFO  com.trung.coinpricetracker.BinanceService - Giá ETHUSDT không đổi: 1724.0
2026-06-23 11:36:38 [task-3] INFO  com.trung.coinpricetracker.BinanceService - Giá BNBUSDT không đổi: 589.28
2026-06-23 11:36:38 [task-1] INFO  com.trung.coinpricetracker.BinanceService - Giá BTCUSDT không đổi: 63880.0
2026-06-23 11:36:41 [task-2] INFO  com.trung.coinpricetracker.BinanceService - Giá ETHUSDT không đổi: 1724.0
2026-06-23 11:36:41 [task-1] INFO  com.trung.coinpricetracker.BinanceService - Giá BTCUSDT không đổi: 63880.0
2026-06-23 11:36:41 [task-3] WARN  com.trung.coinpricetracker.BinanceService - 🚨 PHÁT HIỆN BIẾN ĐỘNG GIÁ: BNBUSDT từ 589.28 -> 589.33
2026-06-23 11:36:42 [task-3] INFO  com.trung.coinpricetracker.BinanceService - [TELEGRAM] Đã gửi thông báo thành công cho BNBUSDT
2026-06-23 11:36:44 [task-2] INFO  com.trung.coinpricetracker.BinanceService - Giá ETHUSDT không đổi: 1724.0
2026-06-23 11:36:44 [task-1] INFO  com.trung.coinpricetracker.BinanceService - Giá BTCUSDT không đổi: 63880.0
2026-06-23 11:36:45 [task-3] WARN  com.trung.coinpricetracker.BinanceService - 🚨 PHÁT HIỆN BIẾN ĐỘNG GIÁ: BNBUSDT từ 589.33 -> 589.22
2026-06-23 11:36:46 [task-3] INFO  com.trung.coinpricetracker.BinanceService - [TELEGRAM] Đã gửi thông báo thành công cho BNBUSDT
2026-06-23 11:36:47 [task-2] INFO  com.trung.coinpricetracker.BinanceService - Giá ETHUSDT không đổi: 1724.0
2026-06-23 11:36:47 [task-1] WARN  com.trung.coinpricetracker.BinanceService - 🚨 PHÁT HIỆN BIẾN ĐỘNG GIÁ: BTCUSDT từ 63880.0 -> 63880.01
2026-06-23 11:36:48 [task-1] INFO  com.trung.coinpricetracker.BinanceService - [TELEGRAM] Đã gửi thông báo thành công cho BTCUSDT
2026-06-23 11:36:49 [task-3] INFO  com.trung.coinpricetracker.BinanceService - Giá BNBUSDT không đổi: 589.22
2026-06-23 11:36:51 [task-2] INFO  com.trung.coinpricetracker.BinanceService - Giá ETHUSDT không đổi: 1724.0
2026-06-23 11:36:51 [task-1] WARN  com.trung.coinpricetracker.BinanceService - 🚨 PHÁT HIỆN BIẾN ĐỘNG GIÁ: BTCUSDT từ 63880.01 -> 63874.56
2026-06-23 11:36:51 [task-1] INFO  com.trung.coinpricetracker.BinanceService - [TELEGRAM] Đã gửi thông báo thành công cho BTCUSDT
2026-06-23 11:36:52 [task-3] INFO  com.trung.coinpricetracker.BinanceService - Giá BNBUSDT không đổi: 589.22
2026-06-23 11:36:54 [task-2] WARN  com.trung.coinpricetracker.BinanceService - 🚨 PHÁT HIỆN BIẾN ĐỘNG GIÁ: ETHUSDT từ 1724.0 -> 1723.84
2026-06-23 11:36:54 [task-2] INFO  com.trung.coinpricetracker.BinanceService - [TELEGRAM] Đã gửi thông báo thành công cho ETHUSDT
2026-06-23 11:36:55 [task-1] WARN  com.trung.coinpricetracker.BinanceService - 🚨 PHÁT HIỆN BIẾN ĐỘNG GIÁ: BTCUSDT từ 63874.56 -> 63874.55
2026-06-23 12:05:03 [task-2] INFO  com.trung.coinpricetracker.BinanceService - Giá ETHUSDT không đổi (Retrofit): 1720.48
2026-06-23 12:05:03 [task-1] INFO  com.trung.coinpricetracker.BinanceService - Giá BTCUSDT không đổi (Retrofit): 63653.18
2026-06-23 12:05:03 [task-3] INFO  com.trung.coinpricetracker.BinanceService - Giá BNBUSDT không đổi (Retrofit): 587.57
2026-06-23 12:05:06 [task-1] WARN  com.trung.coinpricetracker.BinanceService - 🚨 PHÁT HIỆN BIẾN ĐỘNG GIÁ (RETROFIT): BTCUSDT từ 63653.18 -> 63657.76
2026-06-23 12:05:06 [task-2] WARN  com.trung.coinpricetracker.BinanceService - 🚨 PHÁT HIỆN BIẾN ĐỘNG GIÁ (RETROFIT): ETHUSDT từ 1720.48 -> 1720.5
2026-06-23 12:05:06 [task-3] INFO  com.trung.coinpricetracker.BinanceService - Giá BNBUSDT không đổi (Retrofit): 587.57
2026-06-23 12:05:07 [task-2] INFO  com.trung.coinpricetracker.BinanceService - [TELEGRAM] Đã gửi thông báo thành công cho ETHUSDT
2026-06-23 12:05:07 [task-1] INFO  com.trung.coinpricetracker.BinanceService - [TELEGRAM] Đã gửi thông báo thành công cho BTCUSDT
2026-06-23 12:05:09 [task-3] WARN  com.trung.coinpricetracker.BinanceService - 🚨 PHÁT HIỆN BIẾN ĐỘNG GIÁ (RETROFIT): BNBUSDT từ 587.57 -> 587.56
2026-06-23 14:40:14 [task-3] INFO  com.trung.coinpricetracker.BinanceService - Giá BNBUSDT không đổi (Retrofit): 581.56
2026-06-23 14:40:14 [task-1] INFO  com.trung.coinpricetracker.BinanceService - Giá BTCUSDT không đổi (Retrofit): 63002.0
2026-06-23 14:40:14 [task-2] INFO  com.trung.coinpricetracker.BinanceService - Giá ETHUSDT không đổi (Retrofit): 1690.41
2026-06-23 14:40:18 [task-3] WARN  com.trung.coinpricetracker.BinanceService - 🚨 PHÁT HIỆN BIẾN ĐỘNG GIÁ (RETROFIT): BNBUSDT từ 581.56 -> 581.57
2026-06-23 14:40:18 [task-3] ERROR com.trung.coinpricetracker.BinanceService - Lỗi xử lý luồng BNBUSDT: Malformed URL. Base: https://api.telegram.org/, Relative: bot8984573120:AAHNUacQ6wk-dExt-EX1oQz7VpbDQrzJkzE/sendMessage
2026-06-23 14:40:18 [task-2] WARN  com.trung.coinpricetracker.BinanceService - 🚨 PHÁT HIỆN BIẾN ĐỘNG GIÁ (RETROFIT): ETHUSDT từ 1690.41 -> 1690.17
2026-06-23 14:40:18 [task-1] WARN  com.trung.coinpricetracker.BinanceService - 🚨 PHÁT HIỆN BIẾN ĐỘNG GIÁ (RETROFIT): BTCUSDT từ 63002.0 -> 63002.52
2026-06-23 14:40:18 [task-2] ERROR com.trung.coinpricetracker.BinanceService - Lỗi xử lý luồng ETHUSDT: Malformed URL. Base: https://api.telegram.org/, Relative: bot8984573120:AAHNUacQ6wk-dExt-EX1oQz7VpbDQrzJkzE/sendMessage
2026-06-23 14:40:18 [task-1] ERROR com.trung.coinpricetracker.BinanceService - Lỗi xử lý luồng BTCUSDT: Malformed URL. Base: https://api.telegram.org/, Relative: bot8984573120:AAHNUacQ6wk-dExt-EX1oQz7VpbDQrzJkzE/sendMessage
2026-06-23 14:40:21 [task-3] WARN  com.trung.coinpricetracker.BinanceService - 🚨 PHÁT HIỆN BIẾN ĐỘNG GIÁ (RETROFIT): BNBUSDT từ 581.56 -> 581.57
2026-06-23 14:40:21 [task-3] ERROR com.trung.coinpricetracker.BinanceService - Lỗi xử lý luồng BNBUSDT: Malformed URL. Base: https://api.telegram.org/, Relative: bot8984573120:AAHNUacQ6wk-dExt-EX1oQz7VpbDQrzJkzE/sendMessage
2026-06-23 14:40:21 [task-2] WARN  com.trung.coinpricetracker.BinanceService - 🚨 PHÁT HIỆN BIẾN ĐỘNG GIÁ (RETROFIT): ETHUSDT từ 1690.41 -> 1690.17
2026-06-23 14:40:21 [task-2] ERROR com.trung.coinpricetracker.BinanceService - Lỗi xử lý luồng ETHUSDT: Malformed URL. Base: https://api.telegram.org/, Relative: bot8984573120:AAHNUacQ6wk-dExt-EX1oQz7VpbDQrzJkzE/sendMessage
2026-06-23 14:40:21 [task-1] WARN  com.trung.coinpricetracker.BinanceService - 🚨 PHÁT HIỆN BIẾN ĐỘNG GIÁ (RETROFIT): BTCUSDT từ 63002.0 -> 63002.52
2026-06-23 14:40:21 [task-1] ERROR com.trung.coinpricetracker.BinanceService - Lỗi xử lý luồng BTCUSDT: Malformed URL. Base: https://api.telegram.org/, Relative: bot8984573120:AAHNUacQ6wk-dExt-EX1oQz7VpbDQrzJkzE/sendMessage
2026-06-23 14:40:24 [task-3] WARN  com.trung.coinpricetracker.BinanceService - 🚨 PHÁT HIỆN BIẾN ĐỘNG GIÁ (RETROFIT): BNBUSDT từ 581.56 -> 581.57
2026-06-23 14:40:24 [task-3] ERROR com.trung.coinpricetracker.BinanceService - Lỗi xử lý luồng BNBUSDT: Malformed URL. Base: https://api.telegram.org/, Relative: bot8984573120:AAHNUacQ6wk-dExt-EX1oQz7VpbDQrzJkzE/sendMessage
2026-06-23 14:40:24 [task-2] WARN  com.trung.coinpricetracker.BinanceService - 🚨 PHÁT HIỆN BIẾN ĐỘNG GIÁ (RETROFIT): ETHUSDT từ 1690.41 -> 1690.17
2026-06-23 14:40:24 [task-2] ERROR com.trung.coinpricetracker.BinanceService - Lỗi xử lý luồng ETHUSDT: Malformed URL. Base: https://api.telegram.org/, Relative: bot8984573120:AAHNUacQ6wk-dExt-EX1oQz7VpbDQrzJkzE/sendMessage
2026-06-23 14:40:24 [task-1] WARN  com.trung.coinpricetracker.BinanceService - 🚨 PHÁT HIỆN BIẾN ĐỘNG GIÁ (RETROFIT): BTCUSDT từ 63002.0 -> 63002.52
2026-06-23 14:40:24 [task-1] ERROR com.trung.coinpricetracker.BinanceService - Lỗi xử lý luồng BTCUSDT: Malformed URL. Base: https://api.telegram.org/, Relative: bot8984573120:AAHNUacQ6wk-dExt-EX1oQz7VpbDQrzJkzE/sendMessage
2026-06-23 14:40:27 [task-3] WARN  com.trung.coinpricetracker.BinanceService - 🚨 PHÁT HIỆN BIẾN ĐỘNG GIÁ (RETROFIT): BNBUSDT từ 581.56 -> 581.51
2026-06-23 14:40:27 [task-3] ERROR com.trung.coinpricetracker.BinanceService - Lỗi xử lý luồng BNBUSDT: Malformed URL. Base: https://api.telegram.org/, Relative: bot8984573120:AAHNUacQ6wk-dExt-EX1oQz7VpbDQrzJkzE/sendMessage
2026-06-23 14:40:27 [task-2] WARN  com.trung.coinpricetracker.BinanceService - 🚨 PHÁT HIỆN BIẾN ĐỘNG GIÁ (RETROFIT): ETHUSDT từ 1690.41 -> 1690.16
2026-06-23 14:40:27 [task-2] ERROR com.trung.coinpricetracker.BinanceService - Lỗi xử lý luồng ETHUSDT: Malformed URL. Base: https://api.telegram.org/, Relative: bot8984573120:AAHNUacQ6wk-dExt-EX1oQz7VpbDQrzJkzE/sendMessage
2026-06-23 14:40:27 [task-1] WARN  com.trung.coinpricetracker.BinanceService - 🚨 PHÁT HIỆN BIẾN ĐỘNG GIÁ (RETROFIT): BTCUSDT từ 63002.0 -> 62996.01
2026-06-23 14:40:27 [task-1] ERROR com.trung.coinpricetracker.BinanceService - Lỗi xử lý luồng BTCUSDT: Malformed URL. Base: https://api.telegram.org/, Relative: bot8984573120:AAHNUacQ6wk-dExt-EX1oQz7VpbDQrzJkzE/sendMessage
2026-06-23 14:40:30 [task-3] WARN  com.trung.coinpricetracker.BinanceService - 🚨 PHÁT HIỆN BIẾN ĐỘNG GIÁ (RETROFIT): BNBUSDT từ 581.56 -> 581.51
2026-06-23 14:40:30 [task-3] ERROR com.trung.coinpricetracker.BinanceService - Lỗi xử lý luồng BNBUSDT: Malformed URL. Base: https://api.telegram.org/, Relative: bot8984573120:AAHNUacQ6wk-dExt-EX1oQz7VpbDQrzJkzE/sendMessage
2026-06-23 14:40:30 [task-2] WARN  com.trung.coinpricetracker.BinanceService - 🚨 PHÁT HIỆN BIẾN ĐỘNG GIÁ (RETROFIT): ETHUSDT từ 1690.41 -> 1690.03
2026-06-23 14:40:30 [task-2] ERROR com.trung.coinpricetracker.BinanceService - Lỗi xử lý luồng ETHUSDT: Malformed URL. Base: https://api.telegram.org/, Relative: bot8984573120:AAHNUacQ6wk-dExt-EX1oQz7VpbDQrzJkzE/sendMessage
2026-06-23 14:40:30 [task-1] WARN  com.trung.coinpricetracker.BinanceService - 🚨 PHÁT HIỆN BIẾN ĐỘNG GIÁ (RETROFIT): BTCUSDT từ 63002.0 -> 62975.73
2026-06-23 14:40:30 [task-1] ERROR com.trung.coinpricetracker.BinanceService - Lỗi xử lý luồng BTCUSDT: Malformed URL. Base: https://api.telegram.org/, Relative: bot8984573120:AAHNUacQ6wk-dExt-EX1oQz7VpbDQrzJkzE/sendMessage
2026-06-23 14:43:30 [task-1] INFO  com.trung.coinpricetracker.BinanceService - Giá BTCUSDT không đổi (Retrofit): 62953.44
2026-06-23 14:43:30 [task-3] INFO  com.trung.coinpricetracker.BinanceService - Giá BNBUSDT không đổi (Retrofit): 581.51
2026-06-23 14:43:30 [task-2] INFO  com.trung.coinpricetracker.BinanceService - Giá ETHUSDT không đổi (Retrofit): 1689.0
2026-06-23 14:43:33 [task-3] WARN  com.trung.coinpricetracker.BinanceService - 🚨 PHÁT HIỆN BIẾN ĐỘNG GIÁ (RETROFIT): BNBUSDT từ 581.51 -> 581.52
2026-06-23 14:43:33 [task-1] WARN  com.trung.coinpricetracker.BinanceService - 🚨 PHÁT HIỆN BIẾN ĐỘNG GIÁ (RETROFIT): BTCUSDT từ 62953.44 -> 62953.45
2026-06-23 14:43:33 [task-2] WARN  com.trung.coinpricetracker.BinanceService - 🚨 PHÁT HIỆN BIẾN ĐỘNG GIÁ (RETROFIT): ETHUSDT từ 1689.0 -> 1688.85
2026-06-23 14:43:34 [task-1] INFO  com.trung.coinpricetracker.BinanceService - [TELEGRAM-RETROFIT] Đã gửi thông báo thành công cho BTCUSDT
2026-06-23 14:43:34 [task-2] INFO  com.trung.coinpricetracker.BinanceService - [TELEGRAM-RETROFIT] Đã gửi thông báo thành công cho ETHUSDT
2026-06-23 14:43:34 [task-3] INFO  com.trung.coinpricetracker.BinanceService - [TELEGRAM-RETROFIT] Đã gửi thông báo thành công cho BNBUSDT
2026-06-26 11:06:45 [main] INFO  com.trung.coinpricetracker.BinanceService - Khởi động hệ thống ThreadPool với 4 luồng...
2026-06-26 11:06:45 [pool-2-thread-1] INFO  com.trung.coinpricetracker.BinanceService - [Lấy giá] BTCUSDT = 59866.01
2026-06-26 11:06:45 [pool-2-thread-2] INFO  com.trung.coinpricetracker.BinanceService - [Lấy giá] ETHUSDT = 1553.6
2026-06-26 11:06:45 [pool-2-thread-3] INFO  com.trung.coinpricetracker.BinanceService - [Lấy giá] BNBUSDT = 562.51
2026-06-26 11:06:48 [pool-2-thread-1] INFO  com.trung.coinpricetracker.BinanceService - [Lấy giá] BTCUSDT = 59870.25
2026-06-26 11:06:48 [pool-2-thread-2] INFO  com.trung.coinpricetracker.BinanceService - [Lấy giá] BNBUSDT = 562.62
2026-06-26 11:06:48 [pool-2-thread-4] INFO  com.trung.coinpricetracker.BinanceService - [Lấy giá] ETHUSDT = 1553.71
2026-06-26 11:06:51 [pool-2-thread-2] INFO  com.trung.coinpricetracker.BinanceService - [Lấy giá] ETHUSDT = 1553.93
2026-06-26 11:06:51 [pool-2-thread-1] INFO  com.trung.coinpricetracker.BinanceService - [Lấy giá] BTCUSDT = 59870.24
2026-06-26 11:06:51 [pool-2-thread-4] INFO  com.trung.coinpricetracker.BinanceService - [Lấy giá] BNBUSDT = 562.62
2026-06-26 11:06:54 [pool-2-thread-1] INFO  com.trung.coinpricetracker.BinanceService - [Lấy giá] BTCUSDT = 59870.24
2026-06-26 11:06:54 [pool-2-thread-2] INFO  com.trung.coinpricetracker.BinanceService - [Lấy giá] BNBUSDT = 562.62
2026-06-26 11:06:54 [pool-2-thread-3] INFO  com.trung.coinpricetracker.BinanceService - [Lấy giá] ETHUSDT = 1553.94
2026-06-26 11:06:57 [pool-2-thread-2] INFO  com.trung.coinpricetracker.BinanceService - [Lấy giá] ETHUSDT = 1553.79
2026-06-26 11:06:57 [pool-2-thread-3] INFO  com.trung.coinpricetracker.BinanceService - [Lấy giá] BNBUSDT = 562.56
2026-06-26 11:06:57 [pool-2-thread-1] INFO  com.trung.coinpricetracker.BinanceService - [Lấy giá] BTCUSDT = 59865.36
2026-06-26 11:07:00 [pool-2-thread-1] INFO  com.trung.coinpricetracker.BinanceService - [Lấy giá] BTCUSDT = 59865.35
2026-06-26 11:07:00 [pool-2-thread-3] INFO  com.trung.coinpricetracker.BinanceService - [Lấy giá] BNBUSDT = 562.55
2026-06-26 11:07:00 [pool-2-thread-4] INFO  com.trung.coinpricetracker.BinanceService - [Lấy giá] ETHUSDT = 1553.71
2026-06-26 11:07:03 [pool-2-thread-1] INFO  com.trung.coinpricetracker.BinanceService - [Lấy giá] BTCUSDT = 59877.99
2026-06-26 11:07:03 [pool-2-thread-3] INFO  com.trung.coinpricetracker.BinanceService - [Lấy giá] BNBUSDT = 562.61
2026-06-26 11:07:03 [pool-2-thread-2] INFO  com.trung.coinpricetracker.BinanceService - [Lấy giá] ETHUSDT = 1554.51
2026-06-26 11:08:39 [main] INFO  com.trung.coinpricetracker.BinanceService - Khởi động hệ thống ThreadPool với 4 luồng...
2026-06-26 11:08:39 [pool-2-thread-1] INFO  com.trung.coinpricetracker.BinanceService - [Lấy giá] BTCUSDT = 59866.16
2026-06-26 11:08:39 [pool-2-thread-4] INFO  com.trung.coinpricetracker.BinanceService - [Lấy giá] BNBUSDT = 561.98
2026-06-26 11:08:39 [pool-2-thread-2] INFO  com.trung.coinpricetracker.BinanceService - [Lấy giá] ETHUSDT = 1553.45
2026-06-26 11:08:42 [pool-2-thread-1] INFO  com.trung.coinpricetracker.BinanceService - [Lấy giá] BTCUSDT = 59865.19
2026-06-26 11:08:42 [pool-2-thread-3] INFO  com.trung.coinpricetracker.BinanceService - [Lấy giá] ETHUSDT = 1553.38
2026-06-26 11:08:42 [pool-2-thread-4] INFO  com.trung.coinpricetracker.BinanceService - [Lấy giá] BNBUSDT = 561.99
2026-06-26 11:08:45 [pool-2-thread-4] INFO  com.trung.coinpricetracker.BinanceService - [Lấy giá] BNBUSDT = 562.0
2026-06-26 11:08:45 [pool-2-thread-1] INFO  com.trung.coinpricetracker.BinanceService - [Lấy giá] BTCUSDT = 59854.18
2026-06-26 11:08:45 [pool-2-thread-3] INFO  com.trung.coinpricetracker.BinanceService - [Lấy giá] ETHUSDT = 1553.0
2026-06-26 11:08:48 [pool-2-thread-4] INFO  com.trung.coinpricetracker.BinanceService - [Lấy giá] ETHUSDT = 1553.57
2026-06-26 11:08:48 [pool-2-thread-2] INFO  com.trung.coinpricetracker.BinanceService - [Lấy giá] BNBUSDT = 562.03
2026-06-26 11:08:48 [pool-2-thread-1] INFO  com.trung.coinpricetracker.BinanceService - [Lấy giá] BTCUSDT = 59865.99
2026-06-26 11:08:51 [pool-2-thread-4] INFO  com.trung.coinpricetracker.BinanceService - [Lấy giá] BTCUSDT = 59876.69
2026-06-26 11:08:51 [pool-2-thread-1] INFO  com.trung.coinpricetracker.BinanceService - [Lấy giá] BNBUSDT = 562.06
2026-06-26 11:08:51 [pool-2-thread-2] INFO  com.trung.coinpricetracker.BinanceService - [Lấy giá] ETHUSDT = 1553.58
2026-06-26 11:08:54 [pool-2-thread-4] INFO  com.trung.coinpricetracker.BinanceService - [Lấy giá] BTCUSDT = 59902.0
2026-06-26 11:08:54 [pool-2-thread-3] INFO  com.trung.coinpricetracker.BinanceService - [Lấy giá] ETHUSDT = 1554.0
2026-06-26 11:08:54 [pool-2-thread-1] INFO  com.trung.coinpricetracker.BinanceService - [Lấy giá] BNBUSDT = 562.14
2026-06-26 11:08:57 [pool-2-thread-2] INFO  com.trung.coinpricetracker.BinanceService - [Lấy giá] ETHUSDT = 1553.23
2026-06-26 11:08:57 [pool-2-thread-3] INFO  com.trung.coinpricetracker.BinanceService - [Lấy giá] BNBUSDT = 562.01
2026-06-26 11:08:57 [pool-2-thread-4] INFO  com.trung.coinpricetracker.BinanceService - [Lấy giá] BTCUSDT = 59890.0
2026-06-26 11:09:00 [pool-2-thread-2] INFO  com.trung.coinpricetracker.BinanceService - [Lấy giá] BTCUSDT = 59896.08
2026-06-26 11:09:00 [pool-2-thread-3] INFO  com.trung.coinpricetracker.BinanceService - [Lấy giá] ETHUSDT = 1553.21
2026-06-26 11:09:00 [pool-2-thread-4] INFO  com.trung.coinpricetracker.BinanceService - [Lấy giá] BNBUSDT = 562.0
2026-06-26 11:09:03 [pool-2-thread-3] INFO  com.trung.coinpricetracker.BinanceService - [Lấy giá] BNBUSDT = 562.01
2026-06-26 11:09:03 [pool-2-thread-2] INFO  com.trung.coinpricetracker.BinanceService - [Lấy giá] BTCUSDT = 59899.16
2026-06-26 11:09:03 [pool-2-thread-1] INFO  com.trung.coinpricetracker.BinanceService - [Lấy giá] ETHUSDT = 1553.26
2026-06-26 11:09:06 [pool-2-thread-4] INFO  com.trung.coinpricetracker.BinanceService - [Lấy giá] BTCUSDT = 59899.15
2026-06-26 11:09:06 [pool-2-thread-2] INFO  com.trung.coinpricetracker.BinanceService - [Lấy giá] ETHUSDT = 1553.27
2026-06-26 11:09:06 [pool-2-thread-1] INFO  com.trung.coinpricetracker.BinanceService - [Lấy giá] BNBUSDT = 562.02
2026-06-26 11:09:09 [pool-2-thread-3] INFO  com.trung.coinpricetracker.BinanceService - [Lấy giá] ETHUSDT = 1553.41
2026-06-26 11:09:09 [pool-2-thread-2] INFO  com.trung.coinpricetracker.BinanceService - [Lấy giá] BNBUSDT = 562.08
2026-06-26 11:09:09 [pool-2-thread-4] INFO  com.trung.coinpricetracker.BinanceService - [Lấy giá] BTCUSDT = 59902.15
2026-06-26 11:09:12 [pool-2-thread-4] INFO  com.trung.coinpricetracker.BinanceService - [Lấy giá] BTCUSDT = 59902.16
2026-06-26 11:09:12 [pool-2-thread-1] INFO  com.trung.coinpricetracker.BinanceService - [Lấy giá] ETHUSDT = 1553.23
2026-06-26 11:09:12 [pool-2-thread-2] INFO  com.trung.coinpricetracker.BinanceService - [Lấy giá] BNBUSDT = 562.03
2026-06-26 11:09:15 [pool-2-thread-1] INFO  com.trung.coinpricetracker.BinanceService - [Lấy giá] ETHUSDT = 1553.23
2026-06-26 11:09:15 [pool-2-thread-2] INFO  com.trung.coinpricetracker.BinanceService - [Lấy giá] BNBUSDT = 562.03
2026-06-26 11:09:15 [pool-2-thread-4] INFO  com.trung.coinpricetracker.BinanceService - [Lấy giá] BTCUSDT = 59902.15
2026-06-26 11:09:42 [main] INFO  com.trung.coinpricetracker.BinanceService - Khởi động hệ thống ThreadPool với 4 luồng...
2026-06-26 11:09:42 [pool-2-thread-3] INFO  com.trung.coinpricetracker.BinanceService - [Lấy giá] BNBUSDT = 562.64
2026-06-26 11:09:42 [pool-2-thread-1] INFO  com.trung.coinpricetracker.BinanceService - [Lấy giá] BTCUSDT = 59980.01
2026-06-26 11:09:42 [pool-2-thread-2] INFO  com.trung.coinpricetracker.BinanceService - [Lấy giá] ETHUSDT = 1555.32
2026-06-26 11:09:45 [pool-2-thread-3] INFO  com.trung.coinpricetracker.BinanceService - [Lấy giá] BTCUSDT = 59978.01
2026-06-26 11:09:45 [pool-2-thread-4] INFO  com.trung.coinpricetracker.BinanceService - [Lấy giá] ETHUSDT = 1555.31
2026-06-26 11:09:45 [pool-2-thread-1] INFO  com.trung.coinpricetracker.BinanceService - [Lấy giá] BNBUSDT = 562.61
2026-06-26 11:09:48 [pool-2-thread-3] INFO  com.trung.coinpricetracker.BinanceService - [Lấy giá] BTCUSDT = 59966.36
2026-06-26 11:09:48 [pool-2-thread-1] INFO  com.trung.coinpricetracker.BinanceService - [Lấy giá] BNBUSDT = 562.45
2026-06-26 11:09:48 [pool-2-thread-4] INFO  com.trung.coinpricetracker.BinanceService - [Lấy giá] ETHUSDT = 1555.31
2026-06-26 11:09:51 [pool-2-thread-3] INFO  com.trung.coinpricetracker.BinanceService - [Lấy giá] BTCUSDT = 59966.36
2026-06-26 11:09:51 [pool-2-thread-2] INFO  com.trung.coinpricetracker.BinanceService - [Lấy giá] ETHUSDT = 1555.29
2026-06-26 11:09:51 [pool-2-thread-1] INFO  com.trung.coinpricetracker.BinanceService - [Lấy giá] BNBUSDT = 562.46
2026-06-26 11:09:54 [pool-2-thread-1] INFO  com.trung.coinpricetracker.BinanceService - [Lấy giá] BNBUSDT = 562.75
2026-06-26 11:09:54 [pool-2-thread-3] INFO  com.trung.coinpricetracker.BinanceService - [Lấy giá] BTCUSDT = 59999.99
2026-06-26 11:09:54 [pool-2-thread-2] INFO  com.trung.coinpricetracker.BinanceService - [Lấy giá] ETHUSDT = 1556.14
2026-06-26 11:09:57 [pool-2-thread-1] INFO  com.trung.coinpricetracker.BinanceService - [Lấy giá] BNBUSDT = 562.66
2026-06-26 11:09:57 [pool-2-thread-3] INFO  com.trung.coinpricetracker.BinanceService - [Lấy giá] BTCUSDT = 59994.85
2026-06-26 11:09:57 [pool-2-thread-4] INFO  com.trung.coinpricetracker.BinanceService - [Lấy giá] ETHUSDT = 1556.2
2026-06-26 11:10:00 [pool-2-thread-2] INFO  com.trung.coinpricetracker.BinanceService - [Lấy giá] ETHUSDT = 1556.1
2026-06-26 11:10:00 [pool-2-thread-1] INFO  com.trung.coinpricetracker.BinanceService - [Lấy giá] BNBUSDT = 562.59
2026-06-26 11:10:00 [pool-2-thread-3] INFO  com.trung.coinpricetracker.BinanceService - [Lấy giá] BTCUSDT = 59998.18
2026-06-26 11:10:03 [pool-2-thread-3] INFO  com.trung.coinpricetracker.BinanceService - [Lấy giá] BNBUSDT = 562.52
2026-06-26 11:10:03 [pool-2-thread-2] INFO  com.trung.coinpricetracker.BinanceService - [Lấy giá] BTCUSDT = 59998.18
2026-06-26 11:10:03 [pool-2-thread-1] INFO  com.trung.coinpricetracker.BinanceService - [Lấy giá] ETHUSDT = 1556.09
2026-06-26 11:10:06 [pool-2-thread-4] INFO  com.trung.coinpricetracker.BinanceService - [Lấy giá] ETHUSDT = 1556.47
2026-06-26 11:10:06 [pool-2-thread-3] INFO  com.trung.coinpricetracker.BinanceService - [Lấy giá] BNBUSDT = 562.64
2026-06-26 11:10:06 [pool-2-thread-2] INFO  com.trung.coinpricetracker.BinanceService - [Lấy giá] BTCUSDT = 60001.99
2026-06-26 11:10:09 [pool-2-thread-2] INFO  com.trung.coinpricetracker.BinanceService - [Lấy giá] BNBUSDT = 562.7
2026-06-26 11:10:09 [pool-2-thread-4] INFO  com.trung.coinpricetracker.BinanceService - [Lấy giá] BTCUSDT = 60020.86
2026-06-26 11:10:09 [pool-2-thread-3] INFO  com.trung.coinpricetracker.BinanceService - [Lấy giá] ETHUSDT = 1557.26
2026-06-26 11:10:12 [pool-2-thread-4] INFO  com.trung.coinpricetracker.BinanceService - [Lấy giá] BTCUSDT = 60035.99
2026-06-26 11:10:12 [pool-2-thread-2] INFO  com.trung.coinpricetracker.BinanceService - [Lấy giá] BNBUSDT = 562.77
2026-06-26 11:10:12 [pool-2-thread-1] INFO  com.trung.coinpricetracker.BinanceService - [Lấy giá] ETHUSDT = 1557.41
2026-06-26 11:10:13 [pool-2-thread-3] WARN  com.trung.coinpricetracker.BinanceService - [TELEGRAM] Đã gửi báo cáo gom nhóm thành công!
2026-06-26 11:10:15 [pool-2-thread-4] INFO  com.trung.coinpricetracker.BinanceService - [Lấy giá] BTCUSDT = 60044.89
2026-06-26 11:10:15 [pool-2-thread-1] INFO  com.trung.coinpricetracker.BinanceService - [Lấy giá] BNBUSDT = 562.91
2026-06-26 11:10:15 [pool-2-thread-2] INFO  com.trung.coinpricetracker.BinanceService - [Lấy giá] ETHUSDT = 1557.75
2026-06-26 11:10:17 [pool-2-thread-3] WARN  com.trung.coinpricetracker.BinanceService - [TELEGRAM] Đã gửi báo cáo gom nhóm thành công!
2026-06-26 11:10:18 [pool-2-thread-4] INFO  com.trung.coinpricetracker.BinanceService - [Lấy giá] BTCUSDT = 60041.86
2026-06-26 11:10:18 [pool-2-thread-1] INFO  com.trung.coinpricetracker.BinanceService - [Lấy giá] ETHUSDT = 1557.85
2026-06-26 11:10:18 [pool-2-thread-2] INFO  com.trung.coinpricetracker.BinanceService - [Lấy giá] BNBUSDT = 562.87
2026-06-26 11:10:21 [pool-2-thread-1] INFO  com.trung.coinpricetracker.BinanceService - [Lấy giá] BNBUSDT = 562.86
2026-06-26 11:10:21 [pool-2-thread-3] INFO  com.trung.coinpricetracker.BinanceService - [Lấy giá] ETHUSDT = 1557.31
2026-06-26 11:10:21 [pool-2-thread-4] INFO  com.trung.coinpricetracker.BinanceService - [Lấy giá] BTCUSDT = 60036.0
2026-06-26 11:10:24 [pool-2-thread-2] INFO  com.trung.coinpricetracker.BinanceService - [Lấy giá] BTCUSDT = 60028.01
2026-06-26 11:10:24 [pool-2-thread-3] INFO  com.trung.coinpricetracker.BinanceService - [Lấy giá] ETHUSDT = 1557.31
2026-06-26 11:10:24 [pool-2-thread-4] INFO  com.trung.coinpricetracker.BinanceService - [Lấy giá] BNBUSDT = 562.83
2026-06-26 11:10:27 [pool-2-thread-2] INFO  com.trung.coinpricetracker.BinanceService - [Lấy giá] BTCUSDT = 60004.98
2026-06-26 11:10:27 [pool-2-thread-4] INFO  com.trung.coinpricetracker.BinanceService - [Lấy giá] BNBUSDT = 562.64
2026-06-26 11:10:27 [pool-2-thread-1] INFO  com.trung.coinpricetracker.BinanceService - [Lấy giá] ETHUSDT = 1556.55
2026-06-26 11:10:30 [pool-2-thread-2] INFO  com.trung.coinpricetracker.BinanceService - [Lấy giá] BTCUSDT = 60004.98
2026-06-26 11:10:30 [pool-2-thread-3] INFO  com.trung.coinpricetracker.BinanceService - [Lấy giá] ETHUSDT = 1556.71
2026-06-26 11:10:30 [pool-2-thread-4] INFO  com.trung.coinpricetracker.BinanceService - [Lấy giá] BNBUSDT = 562.63
2026-06-26 11:10:33 [pool-2-thread-2] INFO  com.trung.coinpricetracker.BinanceService - [Lấy giá] BTCUSDT = 60004.99
2026-06-26 11:10:33 [pool-2-thread-3] INFO  com.trung.coinpricetracker.BinanceService - [Lấy giá] ETHUSDT = 1556.54
2026-06-26 11:10:33 [pool-2-thread-4] INFO  com.trung.coinpricetracker.BinanceService - [Lấy giá] BNBUSDT = 562.54
2026-06-26 11:10:36 [pool-2-thread-1] INFO  com.trung.coinpricetracker.BinanceService - [Lấy giá] ETHUSDT = 1556.11
2026-06-26 11:10:36 [pool-2-thread-2] INFO  com.trung.coinpricetracker.BinanceService - [Lấy giá] BTCUSDT = 59995.7
2026-06-26 11:10:36 [pool-2-thread-3] INFO  com.trung.coinpricetracker.BinanceService - [Lấy giá] BNBUSDT = 562.45
2026-06-26 11:10:37 [pool-2-thread-4] WARN  com.trung.coinpricetracker.BinanceService - [TELEGRAM] Đã gửi báo cáo gom nhóm thành công!
2026-06-26 11:10:39 [pool-2-thread-2] INFO  com.trung.coinpricetracker.BinanceService - [Lấy giá] ETHUSDT = 1555.34
2026-06-26 11:10:39 [pool-2-thread-1] INFO  com.trung.coinpricetracker.BinanceService - [Lấy giá] BTCUSDT = 59966.01
2026-06-26 11:10:39 [pool-2-thread-3] INFO  com.trung.coinpricetracker.BinanceService - [Lấy giá] BNBUSDT = 562.23
2026-06-26 11:10:42 [pool-2-thread-1] INFO  com.trung.coinpricetracker.BinanceService - [Lấy giá] BTCUSDT = 59958.16
2026-06-26 11:10:42 [pool-2-thread-2] INFO  com.trung.coinpricetracker.BinanceService - [Lấy giá] BNBUSDT = 562.23
2026-06-26 11:10:42 [pool-2-thread-4] INFO  com.trung.coinpricetracker.BinanceService - [Lấy giá] ETHUSDT = 1555.11
2026-06-26 11:10:42 [pool-2-thread-3] WARN  com.trung.coinpricetracker.BinanceService - [TELEGRAM] Đã gửi báo cáo gom nhóm thành công!
2026-06-26 11:10:45 [pool-2-thread-4] INFO  com.trung.coinpricetracker.BinanceService - [Lấy giá] BNBUSDT = 562.47
2026-06-26 11:10:45 [pool-2-thread-1] INFO  com.trung.coinpricetracker.BinanceService - [Lấy giá] BTCUSDT = 59972.0
2026-06-26 11:10:45 [pool-2-thread-2] INFO  com.trung.coinpricetracker.BinanceService - [Lấy giá] ETHUSDT = 1555.46
2026-06-26 11:10:48 [pool-2-thread-1] INFO  com.trung.coinpricetracker.BinanceService - [Lấy giá] ETHUSDT = 1555.35
2026-06-26 11:10:48 [pool-2-thread-4] INFO  com.trung.coinpricetracker.BinanceService - [Lấy giá] BTCUSDT = 59963.36
2026-06-26 11:10:48 [pool-2-thread-2] INFO  com.trung.coinpricetracker.BinanceService - [Lấy giá] BNBUSDT = 562.31
2026-06-26 11:10:51 [pool-2-thread-1] INFO  com.trung.coinpricetracker.BinanceService - [Lấy giá] BNBUSDT = 562.23
2026-06-26 11:10:51 [pool-2-thread-3] INFO  com.trung.coinpricetracker.BinanceService - [Lấy giá] ETHUSDT = 1554.95
2026-06-26 11:10:51 [pool-2-thread-4] INFO  com.trung.coinpricetracker.BinanceService - [Lấy giá] BTCUSDT = 59954.0
2026-06-26 11:10:54 [pool-2-thread-1] INFO  com.trung.coinpricetracker.BinanceService - [Lấy giá] BTCUSDT = 59958.1
2026-06-26 11:10:54 [pool-2-thread-3] INFO  com.trung.coinpricetracker.BinanceService - [Lấy giá] ETHUSDT = 1555.06
2026-06-26 11:10:54 [pool-2-thread-4] INFO  com.trung.coinpricetracker.BinanceService - [Lấy giá] BNBUSDT = 562.21
2026-06-26 11:10:57 [pool-2-thread-1] INFO  com.trung.coinpricetracker.BinanceService - [Lấy giá] BTCUSDT = 59963.37
2026-06-26 11:10:57 [pool-2-thread-2] INFO  com.trung.coinpricetracker.BinanceService - [Lấy giá] BNBUSDT = 562.3
2026-06-26 11:10:57 [pool-2-thread-3] INFO  com.trung.coinpricetracker.BinanceService - [Lấy giá] ETHUSDT = 1555.1
2026-06-26 11:11:00 [pool-2-thread-2] INFO  com.trung.coinpricetracker.BinanceService - [Lấy giá] BNBUSDT = 562.26
2026-06-26 11:11:00 [pool-2-thread-1] INFO  com.trung.coinpricetracker.BinanceService - [Lấy giá] BTCUSDT = 59962.02
2026-06-26 11:11:00 [pool-2-thread-4] INFO  com.trung.coinpricetracker.BinanceService - [Lấy giá] ETHUSDT = 1554.89
2026-06-26 11:11:03 [pool-2-thread-2] INFO  com.trung.coinpricetracker.BinanceService - [Lấy giá] BTCUSDT = 59946.0
2026-06-26 11:11:03 [pool-2-thread-1] INFO  com.trung.coinpricetracker.BinanceService - [Lấy giá] ETHUSDT = 1554.61
2026-06-26 11:11:03 [pool-2-thread-4] INFO  com.trung.coinpricetracker.BinanceService - [Lấy giá] BNBUSDT = 562.24
2026-06-26 11:11:06 [pool-2-thread-2] INFO  com.trung.coinpricetracker.BinanceService - [Lấy giá] BTCUSDT = 59940.99
2026-06-26 11:11:06 [pool-2-thread-1] INFO  com.trung.coinpricetracker.BinanceService - [Lấy giá] ETHUSDT = 1554.33
2026-06-26 11:11:06 [pool-2-thread-3] INFO  com.trung.coinpricetracker.BinanceService - [Lấy giá] BNBUSDT = 562.12
2026-06-26 11:11:07 [pool-2-thread-4] WARN  com.trung.coinpricetracker.BinanceService - [TELEGRAM] Đã gửi báo cáo gom nhóm thành công!
2026-06-26 11:11:09 [pool-2-thread-2] INFO  com.trung.coinpricetracker.BinanceService - [Lấy giá] BTCUSDT = 59954.57
2026-06-26 11:11:09 [pool-2-thread-1] INFO  com.trung.coinpricetracker.BinanceService - [Lấy giá] ETHUSDT = 1555.01
2026-06-26 11:11:09 [pool-2-thread-3] INFO  com.trung.coinpricetracker.BinanceService - [Lấy giá] BNBUSDT = 562.11
2026-06-26 11:11:29 [main] INFO  com.trung.coinpricetracker.BinanceService - Khởi động hệ thống ThreadPool với 4 luồng...
2026-06-26 11:11:29 [pool-2-thread-3] INFO  com.trung.coinpricetracker.BinanceService - [Lấy giá] BNBUSDT = 561.91
2026-06-26 11:11:29 [pool-2-thread-2] INFO  com.trung.coinpricetracker.BinanceService - [Lấy giá] ETHUSDT = 1553.8
2026-06-26 11:11:29 [pool-2-thread-1] INFO  com.trung.coinpricetracker.BinanceService - [Lấy giá] BTCUSDT = 59928.0
2026-06-26 11:11:32 [pool-2-thread-3] INFO  com.trung.coinpricetracker.BinanceService - [Lấy giá] ETHUSDT = 1554.0
2026-06-26 11:11:32 [pool-2-thread-1] INFO  com.trung.coinpricetracker.BinanceService - [Lấy giá] BNBUSDT = 561.89
2026-06-26 11:11:32 [pool-2-thread-4] INFO  com.trung.coinpricetracker.BinanceService - [Lấy giá] BTCUSDT = 59926.0
2026-06-26 11:11:35 [pool-2-thread-3] INFO  com.trung.coinpricetracker.BinanceService - [Lấy giá] BTCUSDT = 59913.25
2026-06-26 11:11:35 [pool-2-thread-1] INFO  com.trung.coinpricetracker.BinanceService - [Lấy giá] ETHUSDT = 1553.56
2026-06-26 11:11:35 [pool-2-thread-4] INFO  com.trung.coinpricetracker.BinanceService - [Lấy giá] BNBUSDT = 561.76
2026-06-26 11:11:38 [pool-2-thread-3] INFO  com.trung.coinpricetracker.BinanceService - [Lấy giá] BTCUSDT = 59922.99
2026-06-26 11:11:38 [pool-2-thread-1] INFO  com.trung.coinpricetracker.BinanceService - [Lấy giá] BNBUSDT = 561.91
2026-06-26 11:11:38 [pool-2-thread-2] INFO  com.trung.coinpricetracker.BinanceService - [Lấy giá] ETHUSDT = 1553.86
2026-06-26 11:11:41 [pool-2-thread-1] INFO  com.trung.coinpricetracker.BinanceService - [Lấy giá] ETHUSDT = 1554.02
2026-06-26 11:11:41 [pool-2-thread-2] INFO  com.trung.coinpricetracker.BinanceService - [Lấy giá] BNBUSDT = 561.92
2026-06-26 11:11:41 [pool-2-thread-3] INFO  com.trung.coinpricetracker.BinanceService - [Lấy giá] BTCUSDT = 59924.0
2026-06-26 11:11:44 [pool-2-thread-3] INFO  com.trung.coinpricetracker.BinanceService - [Lấy giá] BTCUSDT = 59949.79
2026-06-26 11:11:44 [pool-2-thread-2] INFO  com.trung.coinpricetracker.BinanceService - [Lấy giá] BNBUSDT = 562.1
2026-06-26 11:11:44 [pool-2-thread-4] INFO  com.trung.coinpricetracker.BinanceService - [Lấy giá] ETHUSDT = 1554.69
2026-06-26 11:11:47 [pool-2-thread-3] INFO  com.trung.coinpricetracker.BinanceService - [Lấy giá] BTCUSDT = 59966.03
2026-06-26 11:11:47 [pool-2-thread-1] INFO  com.trung.coinpricetracker.BinanceService - [Lấy giá] ETHUSDT = 1555.18
2026-06-26 11:11:47 [pool-2-thread-2] INFO  com.trung.coinpricetracker.BinanceService - [Lấy giá] BNBUSDT = 562.19
2026-06-26 11:11:50 [pool-2-thread-1] INFO  com.trung.coinpricetracker.BinanceService - [Lấy giá] ETHUSDT = 1555.28
2026-06-26 11:11:50 [pool-2-thread-2] INFO  com.trung.coinpricetracker.BinanceService - [Lấy giá] BNBUSDT = 562.22
2026-06-26 11:11:50 [pool-2-thread-3] INFO  com.trung.coinpricetracker.BinanceService - [Lấy giá] BTCUSDT = 59972.68
2026-06-26 11:11:50 [pool-2-thread-4] WARN  com.trung.coinpricetracker.BinanceService - [TELEGRAM] Đã gửi báo cáo gom nhóm thành công!
2026-06-26 11:11:53 [pool-2-thread-3] INFO  com.trung.coinpricetracker.BinanceService - [Lấy giá] BTCUSDT = 59977.81
2026-06-26 11:11:53 [pool-2-thread-1] INFO  com.trung.coinpricetracker.BinanceService - [Lấy giá] BNBUSDT = 562.24
2026-06-26 11:11:53 [pool-2-thread-2] INFO  com.trung.coinpricetracker.BinanceService - [Lấy giá] ETHUSDT = 1555.28
2026-06-26 11:11:54 [pool-2-thread-4] WARN  com.trung.coinpricetracker.BinanceService - [TELEGRAM] Đã gửi báo cáo gom nhóm thành công!
2026-06-26 11:11:56 [pool-2-thread-3] INFO  com.trung.coinpricetracker.BinanceService - [Lấy giá] BTCUSDT = 59979.0
2026-06-26 11:11:56 [pool-2-thread-1] INFO  com.trung.coinpricetracker.BinanceService - [Lấy giá] ETHUSDT = 1555.25
2026-06-26 11:11:56 [pool-2-thread-2] INFO  com.trung.coinpricetracker.BinanceService - [Lấy giá] BNBUSDT = 562.23
2026-06-26 11:11:59 [pool-2-thread-3] INFO  com.trung.coinpricetracker.BinanceService - [Lấy giá] BTCUSDT = 59979.0
2026-06-26 11:11:59 [pool-2-thread-1] INFO  com.trung.coinpricetracker.BinanceService - [Lấy giá] BNBUSDT = 562.23
2026-06-26 11:11:59 [pool-2-thread-4] INFO  com.trung.coinpricetracker.BinanceService - [Lấy giá] ETHUSDT = 1555.1
2026-06-26 11:12:02 [pool-2-thread-3] INFO  com.trung.coinpricetracker.BinanceService - [Lấy giá] BTCUSDT = 59974.81
2026-06-26 11:12:02 [pool-2-thread-1] INFO  com.trung.coinpricetracker.BinanceService - [Lấy giá] BNBUSDT = 562.23
2026-06-26 11:12:02 [pool-2-thread-2] INFO  com.trung.coinpricetracker.BinanceService - [Lấy giá] ETHUSDT = 1555.1
2026-06-26 11:12:05 [pool-2-thread-3] INFO  com.trung.coinpricetracker.BinanceService - [Lấy giá] BTCUSDT = 59974.81
2026-06-26 11:12:05 [pool-2-thread-1] INFO  com.trung.coinpricetracker.BinanceService - [Lấy giá] ETHUSDT = 1555.1
2026-06-26 11:12:05 [pool-2-thread-2] INFO  com.trung.coinpricetracker.BinanceService - [Lấy giá] BNBUSDT = 562.24
2026-06-26 11:12:08 [pool-2-thread-1] INFO  com.trung.coinpricetracker.BinanceService - [Lấy giá] BNBUSDT = 562.23
2026-06-26 11:12:08 [pool-2-thread-4] INFO  com.trung.coinpricetracker.BinanceService - [Lấy giá] ETHUSDT = 1555.1
2026-06-26 11:12:08 [pool-2-thread-3] INFO  com.trung.coinpricetracker.BinanceService - [Lấy giá] BTCUSDT = 59974.01
2026-06-26 11:12:11 [pool-2-thread-4] INFO  com.trung.coinpricetracker.BinanceService - [Lấy giá] ETHUSDT = 1555.1
2026-06-26 11:12:11 [pool-2-thread-1] INFO  com.trung.coinpricetracker.BinanceService - [Lấy giá] BTCUSDT = 59972.01
2026-06-26 11:12:11 [pool-2-thread-3] INFO  com.trung.coinpricetracker.BinanceService - [Lấy giá] BNBUSDT = 562.24
2026-06-26 11:12:14 [pool-2-thread-4] INFO  com.trung.coinpricetracker.BinanceService - [Lấy giá] BNBUSDT = 562.17
2026-06-26 11:12:14 [pool-2-thread-2] INFO  com.trung.coinpricetracker.BinanceService - [Lấy giá] ETHUSDT = 1555.04
2026-06-26 11:12:14 [pool-2-thread-1] INFO  com.trung.coinpricetracker.BinanceService - [Lấy giá] BTCUSDT = 59968.0
2026-06-26 11:12:17 [pool-2-thread-2] INFO  com.trung.coinpricetracker.BinanceService - [Lấy giá] ETHUSDT = 1554.89
2026-06-26 11:12:17 [pool-2-thread-4] INFO  com.trung.coinpricetracker.BinanceService - [Lấy giá] BNBUSDT = 562.08
2026-06-26 11:12:17 [pool-2-thread-1] INFO  com.trung.coinpricetracker.BinanceService - [Lấy giá] BTCUSDT = 59968.0
2026-06-26 11:15:20 [main] INFO  com.trung.coinpricetracker.BinanceService - Khởi động hệ thống ThreadPool với 4 luồng...
2026-06-26 11:15:20 [pool-2-thread-3] INFO  com.trung.coinpricetracker.BinanceService - [Lấy giá] BNBUSDT = 561.67
2026-06-26 11:15:20 [pool-2-thread-1] INFO  com.trung.coinpricetracker.BinanceService - [Lấy giá] BTCUSDT = 59920.0
2026-06-26 11:15:20 [pool-2-thread-2] INFO  com.trung.coinpricetracker.BinanceService - [Lấy giá] ETHUSDT = 1554.52
2026-06-26 11:15:23 [pool-2-thread-3] INFO  com.trung.coinpricetracker.BinanceService - [Lấy giá] BNBUSDT = 561.66
2026-06-26 11:15:23 [pool-2-thread-1] INFO  com.trung.coinpricetracker.BinanceService - [Lấy giá] BTCUSDT = 59920.01
2026-06-26 11:15:23 [pool-2-thread-4] INFO  com.trung.coinpricetracker.BinanceService - [Lấy giá] ETHUSDT = 1554.62
2026-06-26 11:15:26 [pool-2-thread-1] INFO  com.trung.coinpricetracker.BinanceService - [Lấy giá] ETHUSDT = 1554.5
2026-06-26 11:15:26 [pool-2-thread-4] INFO  com.trung.coinpricetracker.BinanceService - [Lấy giá] BNBUSDT = 561.67
2026-06-26 11:15:26 [pool-2-thread-3] INFO  com.trung.coinpricetracker.BinanceService - [Lấy giá] BTCUSDT = 59920.0
2026-06-26 11:15:29 [pool-2-thread-3] INFO  com.trung.coinpricetracker.BinanceService - [Lấy giá] BTCUSDT = 59920.01
2026-06-26 11:15:29 [pool-2-thread-2] INFO  com.trung.coinpricetracker.BinanceService - [Lấy giá] ETHUSDT = 1554.39
2026-06-26 11:15:29 [pool-2-thread-4] INFO  com.trung.coinpricetracker.BinanceService - [Lấy giá] BNBUSDT = 561.66
2026-06-26 11:15:32 [pool-2-thread-3] INFO  com.trung.coinpricetracker.BinanceService - [Lấy giá] BTCUSDT = 59920.01
2026-06-26 11:15:32 [pool-2-thread-4] INFO  com.trung.coinpricetracker.BinanceService - [Lấy giá] BNBUSDT = 561.72
2026-06-26 11:15:32 [pool-2-thread-2] INFO  com.trung.coinpricetracker.BinanceService - [Lấy giá] ETHUSDT = 1554.6
2026-06-26 11:15:35 [pool-2-thread-3] INFO  com.trung.coinpricetracker.BinanceService - [Lấy giá] BTCUSDT = 59897.74
2026-06-26 11:15:35 [pool-2-thread-1] INFO  com.trung.coinpricetracker.BinanceService - [Lấy giá] ETHUSDT = 1554.36
2026-06-26 11:15:35 [pool-2-thread-4] INFO  com.trung.coinpricetracker.BinanceService - [Lấy giá] BNBUSDT = 561.74
2026-06-26 11:15:38 [pool-2-thread-3] INFO  com.trung.coinpricetracker.BinanceService - [Lấy giá] BTCUSDT = 59905.99
2026-06-26 11:15:38 [pool-2-thread-1] INFO  com.trung.coinpricetracker.BinanceService - [Lấy giá] BNBUSDT = 561.8
2026-06-26 11:15:38 [pool-2-thread-2] INFO  com.trung.coinpricetracker.BinanceService - [Lấy giá] ETHUSDT = 1554.61
2026-06-26 11:15:41 [pool-2-thread-1] INFO  com.trung.coinpricetracker.BinanceService - [Lấy giá] ETHUSDT = 1554.96
2026-06-26 11:15:41 [pool-2-thread-2] INFO  com.trung.coinpricetracker.BinanceService - [Lấy giá] BNBUSDT = 561.79
2026-06-26 11:15:41 [pool-2-thread-3] INFO  com.trung.coinpricetracker.BinanceService - [Lấy giá] BTCUSDT = 59914.74
2026-06-26 11:15:44 [pool-2-thread-4] INFO  com.trung.coinpricetracker.BinanceService - [Lấy giá] ETHUSDT = 1554.36
2026-06-26 11:15:44 [pool-2-thread-3] INFO  com.trung.coinpricetracker.BinanceService - [Lấy giá] BTCUSDT = 59891.51
2026-06-26 11:15:44 [pool-2-thread-2] INFO  com.trung.coinpricetracker.BinanceService - [Lấy giá] BNBUSDT = 561.74
2026-06-26 11:15:47 [pool-2-thread-4] INFO  com.trung.coinpricetracker.BinanceService - [Lấy giá] BTCUSDT = 59891.52
2026-06-26 11:15:47 [pool-2-thread-3] INFO  com.trung.coinpricetracker.BinanceService - [Lấy giá] ETHUSDT = 1554.51
2026-06-26 11:15:47 [pool-2-thread-2] INFO  com.trung.coinpricetracker.BinanceService - [Lấy giá] BNBUSDT = 561.72
2026-06-26 11:15:50 [pool-2-thread-4] INFO  com.trung.coinpricetracker.BinanceService - [Lấy giá] BTCUSDT = 59891.71
2026-06-26 11:15:50 [pool-2-thread-3] INFO  com.trung.coinpricetracker.BinanceService - [Lấy giá] BNBUSDT = 561.72
2026-06-26 11:15:50 [pool-2-thread-1] INFO  com.trung.coinpricetracker.BinanceService - [Lấy giá] ETHUSDT = 1554.77
2026-06-26 11:15:53 [pool-2-thread-2] INFO  com.trung.coinpricetracker.BinanceService - [Lấy giá] ETHUSDT = 1555.0
2026-06-26 11:15:53 [pool-2-thread-4] INFO  com.trung.coinpricetracker.BinanceService - [Lấy giá] BTCUSDT = 59901.97
2026-06-26 11:15:53 [pool-2-thread-3] INFO  com.trung.coinpricetracker.BinanceService - [Lấy giá] BNBUSDT = 561.77
2026-06-26 11:15:56 [pool-2-thread-4] INFO  com.trung.coinpricetracker.BinanceService - [Lấy giá] ETHUSDT = 1554.99
2026-06-26 11:15:56 [pool-2-thread-2] INFO  com.trung.coinpricetracker.BinanceService - [Lấy giá] BTCUSDT = 59901.97
2026-06-26 11:15:56 [pool-2-thread-3] INFO  com.trung.coinpricetracker.BinanceService - [Lấy giá] BNBUSDT = 561.77
2026-06-26 11:15:59 [pool-2-thread-1] INFO  com.trung.coinpricetracker.BinanceService - [Lấy giá] ETHUSDT = 1555.46
2026-06-26 11:15:59 [pool-2-thread-4] INFO  com.trung.coinpricetracker.BinanceService - [Lấy giá] BNBUSDT = 561.78
2026-06-26 11:15:59 [pool-2-thread-2] INFO  com.trung.coinpricetracker.BinanceService - [Lấy giá] BTCUSDT = 59909.99
2026-06-26 11:16:05 [main] INFO  com.trung.coinpricetracker.BinanceService - Khởi động hệ thống ThreadPool với 4 luồng...
2026-06-26 11:16:05 [pool-2-thread-3] INFO  com.trung.coinpricetracker.BinanceService - [Lấy giá] BNBUSDT = 561.74
2026-06-26 11:16:05 [pool-2-thread-2] INFO  com.trung.coinpricetracker.BinanceService - [Lấy giá] ETHUSDT = 1554.82
2026-06-26 11:16:05 [pool-2-thread-1] INFO  com.trung.coinpricetracker.BinanceService - [Lấy giá] BTCUSDT = 59906.01
2026-06-26 11:16:08 [pool-2-thread-1] INFO  com.trung.coinpricetracker.BinanceService - [Lấy giá] BTCUSDT = 59909.99
2026-06-26 11:16:08 [pool-2-thread-3] INFO  com.trung.coinpricetracker.BinanceService - [Lấy giá] BNBUSDT = 561.74
2026-06-26 11:16:08 [pool-2-thread-4] INFO  com.trung.coinpricetracker.BinanceService - [Lấy giá] ETHUSDT = 1554.82
2026-06-26 11:16:11 [pool-2-thread-1] INFO  com.trung.coinpricetracker.BinanceService - [Lấy giá] BTCUSDT = 59909.99
2026-06-26 11:16:11 [pool-2-thread-4] INFO  com.trung.coinpricetracker.BinanceService - [Lấy giá] BNBUSDT = 561.73
2026-06-26 11:16:11 [pool-2-thread-3] INFO  com.trung.coinpricetracker.BinanceService - [Lấy giá] ETHUSDT = 1554.82
2026-06-26 11:16:14 [pool-2-thread-1] INFO  com.trung.coinpricetracker.BinanceService - [Lấy giá] BTCUSDT = 59910.0
2026-06-26 11:16:14 [pool-2-thread-4] INFO  com.trung.coinpricetracker.BinanceService - [Lấy giá] BNBUSDT = 561.73
2026-06-26 11:16:14 [pool-2-thread-2] INFO  com.trung.coinpricetracker.BinanceService - [Lấy giá] ETHUSDT = 1554.82
2026-06-26 11:16:17 [pool-2-thread-1] INFO  com.trung.coinpricetracker.BinanceService - [Lấy giá] BTCUSDT = 59910.0
2026-06-26 11:16:17 [pool-2-thread-2] INFO  com.trung.coinpricetracker.BinanceService - [Lấy giá] BNBUSDT = 561.73
2026-06-26 11:16:17 [pool-2-thread-4] INFO  com.trung.coinpricetracker.BinanceService - [Lấy giá] ETHUSDT = 1554.83
2026-06-26 11:16:20 [pool-2-thread-3] INFO  com.trung.coinpricetracker.BinanceService - [Lấy giá] ETHUSDT = 1554.82
2026-06-26 11:16:20 [pool-2-thread-1] INFO  com.trung.coinpricetracker.BinanceService - [Lấy giá] BTCUSDT = 59909.99
2026-06-26 11:16:20 [pool-2-thread-2] INFO  com.trung.coinpricetracker.BinanceService - [Lấy giá] BNBUSDT = 561.73
2026-06-26 11:16:23 [pool-2-thread-1] INFO  com.trung.coinpricetracker.BinanceService - [Lấy giá] BTCUSDT = 59906.07
2026-06-26 11:16:23 [pool-2-thread-2] INFO  com.trung.coinpricetracker.BinanceService - [Lấy giá] BNBUSDT = 561.63
2026-06-26 11:16:23 [pool-2-thread-4] INFO  com.trung.coinpricetracker.BinanceService - [Lấy giá] ETHUSDT = 1554.82
2026-06-26 11:16:26 [pool-2-thread-4] INFO  com.trung.coinpricetracker.BinanceService - [Lấy giá] BNBUSDT = 561.64
2026-06-26 11:16:26 [pool-2-thread-2] INFO  com.trung.coinpricetracker.BinanceService - [Lấy giá] ETHUSDT = 1554.82
2026-06-26 11:16:26 [pool-2-thread-1] INFO  com.trung.coinpricetracker.BinanceService - [Lấy giá] BTCUSDT = 59906.06
2026-06-26 11:16:29 [pool-2-thread-1] INFO  com.trung.coinpricetracker.BinanceService - [Lấy giá] ETHUSDT = 1555.28
2026-06-26 11:16:29 [pool-2-thread-2] INFO  com.trung.coinpricetracker.BinanceService - [Lấy giá] BTCUSDT = 59914.74
2026-06-26 11:16:29 [pool-2-thread-4] INFO  com.trung.coinpricetracker.BinanceService - [Lấy giá] BNBUSDT = 561.71
2026-06-26 11:16:32 [pool-2-thread-2] INFO  com.trung.coinpricetracker.BinanceService - [Lấy giá] ETHUSDT = 1555.14
2026-06-26 11:16:32 [pool-2-thread-4] INFO  com.trung.coinpricetracker.BinanceService - [Lấy giá] BNBUSDT = 561.72
2026-06-26 11:16:32 [pool-2-thread-3] INFO  com.trung.coinpricetracker.BinanceService - [Lấy giá] BTCUSDT = 59914.73
2026-06-26 11:16:35 [pool-2-thread-3] INFO  com.trung.coinpricetracker.BinanceService - [Lấy giá] BTCUSDT = 59914.73
2026-06-26 11:16:35 [pool-2-thread-4] INFO  com.trung.coinpricetracker.BinanceService - [Lấy giá] BNBUSDT = 561.71
2026-06-26 11:16:35 [pool-2-thread-1] INFO  com.trung.coinpricetracker.BinanceService - [Lấy giá] ETHUSDT = 1555.14
2026-06-26 11:16:38 [pool-2-thread-2] INFO  com.trung.coinpricetracker.BinanceService - [Lấy giá] ETHUSDT = 1554.84
2026-06-26 11:16:38 [pool-2-thread-3] INFO  com.trung.coinpricetracker.BinanceService - [Lấy giá] BTCUSDT = 59907.13
2026-06-26 11:16:38 [pool-2-thread-4] INFO  com.trung.coinpricetracker.BinanceService - [Lấy giá] BNBUSDT = 561.72
2026-06-26 11:16:41 [pool-2-thread-3] INFO  com.trung.coinpricetracker.BinanceService - [Lấy giá] ETHUSDT = 1554.4
2026-06-26 11:16:41 [pool-2-thread-4] INFO  com.trung.coinpricetracker.BinanceService - [Lấy giá] BNBUSDT = 561.61
2026-06-26 11:16:41 [pool-2-thread-2] INFO  com.trung.coinpricetracker.BinanceService - [Lấy giá] BTCUSDT = 59898.01
2026-06-26 11:16:44 [pool-2-thread-2] INFO  com.trung.coinpricetracker.BinanceService - [Lấy giá] BTCUSDT = 59892.0
2026-06-26 11:16:44 [pool-2-thread-4] INFO  com.trung.coinpricetracker.BinanceService - [Lấy giá] BNBUSDT = 561.61
2026-06-26 11:16:44 [pool-2-thread-1] INFO  com.trung.coinpricetracker.BinanceService - [Lấy giá] ETHUSDT = 1554.4
2026-06-26 11:16:47 [pool-2-thread-4] INFO  com.trung.coinpricetracker.BinanceService - [Lấy giá] ETHUSDT = 1555.32
2026-06-26 11:16:47 [pool-2-thread-1] INFO  com.trung.coinpricetracker.BinanceService - [Lấy giá] BNBUSDT = 561.57
2026-06-26 11:16:47 [pool-2-thread-2] INFO  com.trung.coinpricetracker.BinanceService - [Lấy giá] BTCUSDT = 59909.0
2026-06-26 11:16:50 [pool-2-thread-3] INFO  com.trung.coinpricetracker.BinanceService - [Lấy giá] ETHUSDT = 1555.09
2026-06-26 11:16:50 [pool-2-thread-1] INFO  com.trung.coinpricetracker.BinanceService - [Lấy giá] BNBUSDT = 561.54
2026-06-26 11:16:50 [pool-2-thread-2] INFO  com.trung.coinpricetracker.BinanceService - [Lấy giá] BTCUSDT = 59908.99
2026-06-26 11:16:53 [pool-2-thread-4] INFO  com.trung.coinpricetracker.BinanceService - [Lấy giá] ETHUSDT = 1554.42
2026-06-26 11:16:53 [pool-2-thread-1] INFO  com.trung.coinpricetracker.BinanceService - [Lấy giá] BNBUSDT = 561.41
2026-06-26 11:16:53 [pool-2-thread-2] INFO  com.trung.coinpricetracker.BinanceService - [Lấy giá] BTCUSDT = 59896.01
2026-06-26 11:16:56 [pool-2-thread-4] INFO  com.trung.coinpricetracker.BinanceService - [Lấy giá] BTCUSDT = 59896.0
2026-06-26 11:16:56 [pool-2-thread-2] INFO  com.trung.coinpricetracker.BinanceService - [Lấy giá] BNBUSDT = 561.41
2026-06-26 11:16:56 [pool-2-thread-1] INFO  com.trung.coinpricetracker.BinanceService - [Lấy giá] ETHUSDT = 1554.42
2026-06-26 11:16:59 [pool-2-thread-3] INFO  com.trung.coinpricetracker.BinanceService - [Lấy giá] ETHUSDT = 1554.42
2026-06-26 11:16:59 [pool-2-thread-1] INFO  com.trung.coinpricetracker.BinanceService - [Lấy giá] BNBUSDT = 561.33
2026-06-26 11:16:59 [pool-2-thread-4] INFO  com.trung.coinpricetracker.BinanceService - [Lấy giá] BTCUSDT = 59896.01
2026-06-26 11:17:02 [pool-2-thread-3] INFO  com.trung.coinpricetracker.BinanceService - [Lấy giá] BTCUSDT = 59904.24
2026-06-26 11:17:02 [pool-2-thread-4] INFO  com.trung.coinpricetracker.BinanceService - [Lấy giá] BNBUSDT = 561.35
2026-06-26 11:17:02 [pool-2-thread-1] INFO  com.trung.coinpricetracker.BinanceService - [Lấy giá] ETHUSDT = 1554.72
2026-06-26 11:17:05 [pool-2-thread-2] INFO  com.trung.coinpricetracker.BinanceService - [Lấy giá] ETHUSDT = 1554.58
2026-06-26 11:17:05 [pool-2-thread-3] INFO  com.trung.coinpricetracker.BinanceService - [Lấy giá] BTCUSDT = 59894.29
2026-06-26 11:17:05 [pool-2-thread-4] INFO  com.trung.coinpricetracker.BinanceService - [Lấy giá] BNBUSDT = 561.34
2026-06-26 11:17:08 [pool-2-thread-1] INFO  com.trung.coinpricetracker.BinanceService - [Lấy giá] ETHUSDT = 1554.53
2026-06-26 11:17:08 [pool-2-thread-3] INFO  com.trung.coinpricetracker.BinanceService - [Lấy giá] BNBUSDT = 561.29
2026-06-26 11:17:08 [pool-2-thread-2] INFO  com.trung.coinpricetracker.BinanceService - [Lấy giá] BTCUSDT = 59894.29
2026-06-26 11:17:11 [pool-2-thread-1] INFO  com.trung.coinpricetracker.BinanceService - [Lấy giá] BTCUSDT = 59894.3
2026-06-26 11:17:11 [pool-2-thread-3] INFO  com.trung.coinpricetracker.BinanceService - [Lấy giá] ETHUSDT = 1554.53
2026-06-26 11:17:11 [pool-2-thread-2] INFO  com.trung.coinpricetracker.BinanceService - [Lấy giá] BNBUSDT = 561.34
2026-06-26 11:17:11 [pool-2-thread-4] WARN  com.trung.coinpricetracker.BinanceService - [TELEGRAM] Đã gửi báo cáo gom nhóm thành công!
2026-06-26 11:17:14 [pool-2-thread-2] INFO  com.trung.coinpricetracker.BinanceService - [Lấy giá] BNBUSDT = 561.34
2026-06-26 11:17:14 [pool-2-thread-1] INFO  com.trung.coinpricetracker.BinanceService - [Lấy giá] BTCUSDT = 59894.3
2026-06-26 11:17:14 [pool-2-thread-3] INFO  com.trung.coinpricetracker.BinanceService - [Lấy giá] ETHUSDT = 1554.21
2026-06-26 11:17:17 [pool-2-thread-1] INFO  com.trung.coinpricetracker.BinanceService - [Lấy giá] ETHUSDT = 1554.43
2026-06-26 11:17:17 [pool-2-thread-3] INFO  com.trung.coinpricetracker.BinanceService - [Lấy giá] BNBUSDT = 561.34
2026-06-26 11:17:17 [pool-2-thread-2] INFO  com.trung.coinpricetracker.BinanceService - [Lấy giá] BTCUSDT = 59894.3
2026-06-26 11:17:20 [pool-2-thread-4] INFO  com.trung.coinpricetracker.BinanceService - [Lấy giá] ETHUSDT = 1554.78
2026-06-26 11:17:20 [pool-2-thread-2] INFO  com.trung.coinpricetracker.BinanceService - [Lấy giá] BTCUSDT = 59898.22
2026-06-26 11:17:20 [pool-2-thread-3] INFO  com.trung.coinpricetracker.BinanceService - [Lấy giá] BNBUSDT = 561.34
2026-06-26 11:17:23 [pool-2-thread-3] INFO  com.trung.coinpricetracker.BinanceService - [Lấy giá] BNBUSDT = 561.42
2026-06-26 11:17:23 [pool-2-thread-1] INFO  com.trung.coinpricetracker.BinanceService - [Lấy giá] ETHUSDT = 1554.91
2026-06-26 11:17:23 [pool-2-thread-2] INFO  com.trung.coinpricetracker.BinanceService - [Lấy giá] BTCUSDT = 59904.05
2026-06-26 11:17:26 [pool-2-thread-2] INFO  com.trung.coinpricetracker.BinanceService - [Lấy giá] BNBUSDT = 561.42
2026-06-26 11:17:26 [pool-2-thread-3] INFO  com.trung.coinpricetracker.BinanceService - [Lấy giá] BTCUSDT = 59909.0
2026-06-26 11:17:26 [pool-2-thread-1] INFO  com.trung.coinpricetracker.BinanceService - [Lấy giá] ETHUSDT = 1555.06
2026-06-26 11:17:29 [pool-2-thread-3] INFO  com.trung.coinpricetracker.BinanceService - [Lấy giá] BTCUSDT = 59914.74
2026-06-26 11:17:29 [pool-2-thread-2] INFO  com.trung.coinpricetracker.BinanceService - [Lấy giá] BNBUSDT = 561.47
2026-06-26 11:17:29 [pool-2-thread-4] INFO  com.trung.coinpricetracker.BinanceService - [Lấy giá] ETHUSDT = 1555.54
2026-06-26 11:17:32 [pool-2-thread-4] INFO  com.trung.coinpricetracker.BinanceService - [Lấy giá] BNBUSDT = 561.56
2026-06-26 11:17:32 [pool-2-thread-1] INFO  com.trung.coinpricetracker.BinanceService - [Lấy giá] BTCUSDT = 59925.18
2026-06-26 11:17:32 [pool-2-thread-2] INFO  com.trung.coinpricetracker.BinanceService - [Lấy giá] ETHUSDT = 1555.67
2026-06-26 11:17:35 [pool-2-thread-3] INFO  com.trung.coinpricetracker.BinanceService - [Lấy giá] ETHUSDT = 1556.0
2026-06-26 11:17:35 [pool-2-thread-4] INFO  com.trung.coinpricetracker.BinanceService - [Lấy giá] BNBUSDT = 561.56
2026-06-26 11:17:35 [pool-2-thread-1] INFO  com.trung.coinpricetracker.BinanceService - [Lấy giá] BTCUSDT = 59941.99
2026-06-26 11:17:38 [pool-2-thread-1] INFO  com.trung.coinpricetracker.BinanceService - [Lấy giá] BTCUSDT = 59955.99
2026-06-26 11:17:38 [pool-2-thread-4] INFO  com.trung.coinpricetracker.BinanceService - [Lấy giá] BNBUSDT = 561.7
2026-06-26 11:17:38 [pool-2-thread-2] INFO  com.trung.coinpricetracker.BinanceService - [Lấy giá] ETHUSDT = 1555.7
2026-06-26 11:17:40 [pool-2-thread-3] WARN  com.trung.coinpricetracker.BinanceService - [TELEGRAM] Đã gửi báo cáo gom nhóm thành công!
2026-06-26 11:17:41 [pool-2-thread-4] INFO  com.trung.coinpricetracker.BinanceService - [Lấy giá] ETHUSDT = 1556.23
2026-06-26 11:17:41 [pool-2-thread-1] INFO  com.trung.coinpricetracker.BinanceService - [Lấy giá] BTCUSDT = 59974.0
2026-06-26 11:17:41 [pool-2-thread-2] INFO  com.trung.coinpricetracker.BinanceService - [Lấy giá] BNBUSDT = 561.75
2026-06-26 11:17:44 [pool-2-thread-1] INFO  com.trung.coinpricetracker.BinanceService - [Lấy giá] BTCUSDT = 59979.78
2026-06-26 11:17:44 [pool-2-thread-4] INFO  com.trung.coinpricetracker.BinanceService - [Lấy giá] BNBUSDT = 561.75
2026-06-26 11:17:44 [pool-2-thread-3] INFO  com.trung.coinpricetracker.BinanceService - [Lấy giá] ETHUSDT = 1556.22
2026-06-26 11:17:45 [pool-2-thread-2] WARN  com.trung.coinpricetracker.BinanceService - [TELEGRAM] Đã gửi báo cáo gom nhóm thành công!
2026-06-26 11:17:47 [pool-2-thread-4] INFO  com.trung.coinpricetracker.BinanceService - [Lấy giá] ETHUSDT = 1556.42
2026-06-26 11:17:47 [pool-2-thread-1] INFO  com.trung.coinpricetracker.BinanceService - [Lấy giá] BTCUSDT = 59987.99
2026-06-26 11:17:47 [pool-2-thread-3] INFO  com.trung.coinpricetracker.BinanceService - [Lấy giá] BNBUSDT = 561.82
2026-06-26 11:17:50 [pool-2-thread-1] INFO  com.trung.coinpricetracker.BinanceService - [Lấy giá] BTCUSDT = 59999.99
2026-06-26 11:17:50 [pool-2-thread-4] INFO  com.trung.coinpricetracker.BinanceService - [Lấy giá] BNBUSDT = 561.83
2026-06-26 11:17:50 [pool-2-thread-2] INFO  com.trung.coinpricetracker.BinanceService - [Lấy giá] ETHUSDT = 1556.57
2026-06-26 11:17:53 [pool-2-thread-1] INFO  com.trung.coinpricetracker.BinanceService - [Lấy giá] BTCUSDT = 60018.23
2026-06-26 11:17:53 [pool-2-thread-3] INFO  com.trung.coinpricetracker.BinanceService - [Lấy giá] ETHUSDT = 1557.25
2026-06-26 11:17:53 [pool-2-thread-4] INFO  com.trung.coinpricetracker.BinanceService - [Lấy giá] BNBUSDT = 561.93
2026-06-26 11:17:55 [pool-2-thread-2] WARN  com.trung.coinpricetracker.BinanceService - [TELEGRAM] Đã gửi báo cáo gom nhóm thành công!
2026-06-26 11:17:56 [pool-2-thread-1] INFO  com.trung.coinpricetracker.BinanceService - [Lấy giá] BTCUSDT = 60021.5
2026-06-26 11:17:56 [pool-2-thread-3] INFO  com.trung.coinpricetracker.BinanceService - [Lấy giá] ETHUSDT = 1557.16
2026-06-26 11:17:56 [pool-2-thread-4] INFO  com.trung.coinpricetracker.BinanceService - [Lấy giá] BNBUSDT = 561.99
2026-06-26 11:17:59 [pool-2-thread-3] INFO  com.trung.coinpricetracker.BinanceService - [Lấy giá] BNBUSDT = 562.05
2026-06-26 11:17:59 [pool-2-thread-1] INFO  com.trung.coinpricetracker.BinanceService - [Lấy giá] BTCUSDT = 60029.99
2026-06-26 11:17:59 [pool-2-thread-2] INFO  com.trung.coinpricetracker.BinanceService - [Lấy giá] ETHUSDT = 1557.33
2026-06-26 11:18:02 [pool-2-thread-3] INFO  com.trung.coinpricetracker.BinanceService - [Lấy giá] BTCUSDT = 60044.57
2026-06-26 11:18:02 [pool-2-thread-2] INFO  com.trung.coinpricetracker.BinanceService - [Lấy giá] BNBUSDT = 562.11
2026-06-26 11:18:02 [pool-2-thread-1] INFO  com.trung.coinpricetracker.BinanceService - [Lấy giá] ETHUSDT = 1557.79
2026-06-26 11:18:05 [pool-2-thread-3] INFO  com.trung.coinpricetracker.BinanceService - [Lấy giá] BTCUSDT = 60042.0
2026-06-26 11:18:05 [pool-2-thread-2] INFO  com.trung.coinpricetracker.BinanceService - [Lấy giá] BNBUSDT = 562.2
2026-06-26 11:18:05 [pool-2-thread-4] INFO  com.trung.coinpricetracker.BinanceService - [Lấy giá] ETHUSDT = 1557.58
2026-06-26 11:18:05 [pool-2-thread-1] WARN  com.trung.coinpricetracker.BinanceService - [TELEGRAM] Đã gửi báo cáo gom nhóm thành công!
2026-06-26 11:18:08 [pool-2-thread-2] INFO  com.trung.coinpricetracker.BinanceService - [Lấy giá] ETHUSDT = 1557.12
2026-06-26 11:18:08 [pool-2-thread-3] INFO  com.trung.coinpricetracker.BinanceService - [Lấy giá] BTCUSDT = 60026.01
2026-06-26 11:18:08 [pool-2-thread-4] INFO  com.trung.coinpricetracker.BinanceService - [Lấy giá] BNBUSDT = 562.08
2026-06-26 11:18:11 [pool-2-thread-1] INFO  com.trung.coinpricetracker.BinanceService - [Lấy giá] BTCUSDT = 60031.99
2026-06-26 11:18:11 [pool-2-thread-3] INFO  com.trung.coinpricetracker.BinanceService - [Lấy giá] ETHUSDT = 1557.09
2026-06-26 11:18:11 [pool-2-thread-4] INFO  com.trung.coinpricetracker.BinanceService - [Lấy giá] BNBUSDT = 562.08
2026-06-26 11:18:14 [pool-2-thread-1] INFO  com.trung.coinpricetracker.BinanceService - [Lấy giá] BTCUSDT = 60034.43
2026-06-26 11:18:14 [pool-2-thread-3] INFO  com.trung.coinpricetracker.BinanceService - [Lấy giá] BNBUSDT = 562.13
2026-06-26 11:18:14 [pool-2-thread-2] INFO  com.trung.coinpricetracker.BinanceService - [Lấy giá] ETHUSDT = 1557.32
